# JRE version: Java(TM) SE Runtime Environment (8.0_45-b15) (build 1.8.0_45-b15)
# Java VM: Java HotSpot(TM) 64-Bit Server VM (25.45-b02 mixed mode windows-amd64 compressed oops)
Heap:
 PSYoungGen      total 295936K, used 202599K [0x00000000ecf00000, 0x0000000100000000, 0x0000000100000000)
  eden space 282624K, 71% used [0x00000000ecf00000,0x00000000f94d9fb0,0x00000000fe300000)
  from space 13312K, 0% used [0x00000000ff300000,0x00000000ff300000,0x0000000100000000)
  to   space 14848K, 0% used [0x00000000fe300000,0x00000000fe300000,0x00000000ff180000)
 ParOldGen       total 72192K, used 26607K [0x00000000c6c00000, 0x00000000cb280000, 0x00000000ecf00000)
  object space 72192K, 36% used [0x00000000c6c00000,0x00000000c85fbf38,0x00000000cb280000)
 Metaspace       used 65199K, capacity 68214K, committed 68440K, reserved 1107968K
  class space    used 8709K, capacity 9230K, committed 9344K, reserved 1048576K
GC Heap History (10 events):
Event: 12.900 GC heap before
{Heap before GC invocations=13 (full 1):
 PSYoungGen      total 200192K, used 146774K [0x00000000ecf00000, 0x00000000fc600000, 0x0000000100000000)
  eden space 192512K, 72% used [0x00000000ecf00000,0x00000000f56d8718,0x00000000f8b00000)
  from space 7680K, 99% used [0x00000000f8b00000,0x00000000f927d128,0x00000000f9280000)
  to   space 10240K, 0% used [0x00000000fbc00000,0x00000000fbc00000,0x00000000fc600000)
 ParOldGen       total 27648K, used 10455K [0x00000000c6c00000, 0x00000000c8700000, 0x00000000ecf00000)
  object space 27648K, 37% used [0x00000000c6c00000,0x00000000c7635f98,0x00000000c8700000)
 Metaspace       used 33477K, capacity 35282K, committed 35416K, reserved 1079296K
  class space    used 4300K, capacity 4638K, committed 4736K, reserved 1048576K
Event: 12.923 GC heap after
Heap after GC invocations=13 (full 1):
 PSYoungGen      total 242688K, used 4970K [0x00000000ecf00000, 0x00000000fdf00000, 0x0000000100000000)
  eden space 232448K, 0% used [0x00000000ecf00000,0x00000000ecf00000,0x00000000fb200000)
  from space 10240K, 48% used [0x00000000fbc00000,0x00000000fc0dab88,0x00000000fc600000)
  to   space 10240K, 0% used [0x00000000fb200000,0x00000000fb200000,0x00000000fbc00000)
 ParOldGen       total 27648K, used 14583K [0x00000000c6c00000, 0x00000000c8700000, 0x00000000ecf00000)
  object space 27648K, 52% used [0x00000000c6c00000,0x00000000c7a3dff8,0x00000000c8700000)
 Metaspace       used 33477K, capacity 35282K, committed 35416K, reserved 1079296K
  class space    used 4300K, capacity 4638K, committed 4736K, reserved 1048576K
}
Event: 12.923 GC heap before
{Heap before GC invocations=14 (full 2):
 PSYoungGen      total 242688K, used 4970K [0x00000000ecf00000, 0x00000000fdf00000, 0x0000000100000000)
  eden space 232448K, 0% used [0x00000000ecf00000,0x00000000ecf00000,0x00000000fb200000)
  from space 10240K, 48% used [0x00000000fbc00000,0x00000000fc0dab88,0x00000000fc600000)
  to   space 10240K, 0% used [0x00000000fb200000,0x00000000fb200000,0x00000000fbc00000)
 ParOldGen       total 27648K, used 14583K [0x00000000c6c00000, 0x00000000c8700000, 0x00000000ecf00000)
  object space 27648K, 52% used [0x00000000c6c00000,0x00000000c7a3dff8,0x00000000c8700000)
 Metaspace       used 33477K, capacity 35282K, committed 35416K, reserved 1079296K
  class space    used 4300K, capacity 4638K, committed 4736K, reserved 1048576K
Event: 13.056 GC heap after
Heap after GC invocations=14 (full 2):
 PSYoungGen      total 242688K, used 0K [0x00000000ecf00000, 0x00000000fdf00000, 0x0000000100000000)
  eden space 232448K, 0% used [0x00000000ecf00000,0x00000000ecf00000,0x00000000fb200000)
  from space 10240K, 0% used [0x00000000fbc00000,0x00000000fbc00000,0x00000000fc600000)
  to   space 10240K, 0% used [0x00000000fb200000,0x00000000fb200000,0x00000000fbc00000)
 ParOldGen       total 47616K, used 14730K [0x00000000c6c00000, 0x00000000c9a80000, 0x00000000ecf00000)
  object space 47616K, 30% used [0x00000000c6c00000,0x00000000c7a62888,0x00000000c9a80000)
 Metaspace       used 33477K, capacity 35282K, committed 35416K, reserved 1079296K
  class space    used 4300K, capacity 4638K, committed 4736K, reserved 1048576K
}
Event: 17.461 GC heap before
{Heap before GC invocations=15 (full 2):
 PSYoungGen      total 242688K, used 232448K [0x00000000ecf00000, 0x00000000fdf00000, 0x0000000100000000)
  eden space 232448K, 100% used [0x00000000ecf00000,0x00000000fb200000,0x00000000fb200000)
  from space 10240K, 0% used [0x00000000fbc00000,0x00000000fbc00000,0x00000000fc600000)
  to   space 10240K, 0% used [0x00000000fb200000,0x00000000fb200000,0x00000000fbc00000)
 ParOldGen       total 47616K, used 14730K [0x00000000c6c00000, 0x00000000c9a80000, 0x00000000ecf00000)
  object space 47616K, 30% used [0x00000000c6c00000,0x00000000c7a62888,0x00000000c9a80000)
 Metaspace       used 47744K, capacity 49802K, committed 50264K, reserved 1093632K
  class space    used 6267K, capacity 6668K, committed 6784K, reserved 1048576K
Event: 17.494 GC heap after
Heap after GC invocations=15 (full 2):
 PSYoungGen      total 242688K, used 10231K [0x00000000ecf00000, 0x0000000100000000, 0x0000000100000000)
  eden space 232448K, 0% used [0x00000000ecf00000,0x00000000ecf00000,0x00000000fb200000)
  from space 10240K, 99% used [0x00000000fb200000,0x00000000fbbfdca8,0x00000000fbc00000)
  to   space 13312K, 0% used [0x00000000ff300000,0x00000000ff300000,0x0000000100000000)
 ParOldGen       total 47616K, used 19985K [0x00000000c6c00000, 0x00000000c9a80000, 0x00000000ecf00000)
  object space 47616K, 41% used [0x00000000c6c00000,0x00000000c7f84748,0x00000000c9a80000)
 Metaspace       used 47744K, capacity 49802K, committed 50264K, reserved 1093632K
  class space    used 6267K, capacity 6668K, committed 6784K, reserved 1048576K
}
Event: 22.703 GC heap before
{Heap before GC invocations=16 (full 2):
 PSYoungGen      total 242688K, used 197436K [0x00000000ecf00000, 0x0000000100000000, 0x0000000100000000)
  eden space 232448K, 80% used [0x00000000ecf00000,0x00000000f85d1550,0x00000000fb200000)
  from space 10240K, 99% used [0x00000000fb200000,0x00000000fbbfdca8,0x00000000fbc00000)
  to   space 13312K, 0% used [0x00000000ff300000,0x00000000ff300000,0x0000000100000000)
 ParOldGen       total 47616K, used 19985K [0x00000000c6c00000, 0x00000000c9a80000, 0x00000000ecf00000)
  object space 47616K, 41% used [0x00000000c6c00000,0x00000000c7f84748,0x00000000c9a80000)
 Metaspace       used 56246K, capacity 58886K, committed 58968K, reserved 1099776K
  class space    used 7559K, capacity 8030K, committed 8064K, reserved 1048576K
Event: 22.739 GC heap after
Heap after GC invocations=16 (full 2):
 PSYoungGen      total 295936K, used 11674K [0x00000000ecf00000, 0x0000000100000000, 0x0000000100000000)
  eden space 282624K, 0% used [0x00000000ecf00000,0x00000000ecf00000,0x00000000fe300000)
  from space 13312K, 87% used [0x00000000ff300000,0x00000000ffe66b58,0x0000000100000000)
  to   space 14848K, 0% used [0x00000000fe300000,0x00000000fe300000,0x00000000ff180000)
 ParOldGen       total 47616K, used 23933K [0x00000000c6c00000, 0x00000000c9a80000, 0x00000000ecf00000)
  object space 47616K, 50% used [0x00000000c6c00000,0x00000000c835f5c0,0x00000000c9a80000)
 Metaspace       used 56246K, capacity 58886K, committed 58968K, reserved 1099776K
  class space    used 7559K, capacity 8030K, committed 8064K, reserved 1048576K
}
Event: 22.739 GC heap before
{Heap before GC invocations=17 (full 3):
 PSYoungGen      total 295936K, used 11674K [0x00000000ecf00000, 0x0000000100000000, 0x0000000100000000)
  eden space 282624K, 0% used [0x00000000ecf00000,0x00000000ecf00000,0x00000000fe300000)
  from space 13312K, 87% used [0x00000000ff300000,0x00000000ffe66b58,0x0000000100000000)
  to   space 14848K, 0% used [0x00000000fe300000,0x00000000fe300000,0x00000000ff180000)
 ParOldGen       total 47616K, used 23933K [0x00000000c6c00000, 0x00000000c9a80000, 0x00000000ecf00000)
  object space 47616K, 50% used [0x00000000c6c00000,0x00000000c835f5c0,0x00000000c9a80000)
 Metaspace       used 56246K, capacity 58886K, committed 58968K, reserved 1099776K
  class space    used 7559K, capacity 8030K, committed 8064K, reserved 1048576K
Event: 23.103 GC heap after
Heap after GC invocations=17 (full 3):
 PSYoungGen      total 295936K, used 0K [0x00000000ecf00000, 0x0000000100000000, 0x0000000100000000)
  eden space 282624K, 0% used [0x00000000ecf00000,0x00000000ecf00000,0x00000000fe300000)
  from space 13312K, 0% used [0x00000000ff300000,0x00000000ff300000,0x0000000100000000)
  to   space 14848K, 0% used [0x00000000fe300000,0x00000000fe300000,0x00000000ff180000)
 ParOldGen       total 72192K, used 26607K [0x00000000c6c00000, 0x00000000cb280000, 0x00000000ecf00000)
  object space 72192K, 36% used [0x00000000c6c00000,0x00000000c85fbf38,0x00000000cb280000)
 Metaspace       used 56246K, capacity 58886K, committed 58968K, reserved 1099776K
  class space    used 7559K, capacity 8030K, committed 8064K, reserved 1048576K
}

